<?xml version="1.0" encoding="UTF-8"?>
<testng-results ignored="0" total="1" passed="1" failed="0" skipped="0">
  <reporter-output>
    <line>
      <![CDATA[Element is entered mrf bat]]>
    </line>
    <line>
      <![CDATA[search icon is clicked]]>
    </line>
    <line>
      <![CDATA[product is selected ]]>
    </line>
    <line>
      <![CDATA[buynow is clicked  ]]>
    </line>
    <line>
      <![CDATA[element searched mrf bat]]>
    </line>
  </reporter-output>
  <suite started-at="2022-05-11T07:36:23 IST" name="Default suite" finished-at="2022-05-11T07:38:34 IST" duration-ms="130678">
    <groups>
    </groups>
    <test started-at="2022-05-11T07:36:23 IST" name="Default test" finished-at="2022-05-11T07:38:34 IST" duration-ms="130678">
      <class name="com.amazonautomation.tc.TestLearn">
        <test-method signature="amazonAutomation()[pri:0, instance:com.amazonautomation.tc.TestLearn@759d26fb]" started-at="2022-05-11T07:36:24 IST" name="amazonAutomation" finished-at="2022-05-11T07:38:34 IST" duration-ms="130624" status="PASS">
          <reporter-output>
            <line>
              <![CDATA[Element is entered mrf bat]]>
            </line>
            <line>
              <![CDATA[search icon is clicked]]>
            </line>
            <line>
              <![CDATA[product is selected ]]>
            </line>
            <line>
              <![CDATA[buynow is clicked  ]]>
            </line>
            <line>
              <![CDATA[element searched mrf bat]]>
            </line>
          </reporter-output>
        </test-method> <!-- amazonAutomation -->
      </class> <!-- com.amazonautomation.tc.TestLearn -->
    </test> <!-- Default test -->
  </suite> <!-- Default suite -->
</testng-results>
